<?xml version="1.0" encoding="UTF-8"?>
<!-- Generated by org.testng.reporters.JUnitReportReporter -->
<testsuite hostname="DESKTOP-4FFBNMC" failures="0" tests="1" name="testClasses.DashBoardTestCases" time="7.804" errors="0" timestamp="2025-03-21T21:12:01 IST" skipped="0">
  <testcase classname="testClasses.DashBoardTestCases" name="verifyAllTilesAreDisplayedOnDashBoardPage" time="7.804"/>
</testsuite> <!-- testClasses.DashBoardTestCases -->
