<?xml version="1.0" encoding="UTF-8"?>
<!-- Generated by org.testng.reporters.JUnitReportReporter -->
<testsuite hostname="DESKTOP-4FFBNMC" failures="0" tests="1" name="testClasses.ManageProductTestCases" time="5.190" errors="0" timestamp="2025-03-21T21:07:30 IST" skipped="0">
  <testcase classname="testClasses.ManageProductTestCases" name="verifyTheSeachFunctionality" time="5.190"/>
</testsuite> <!-- testClasses.ManageProductTestCases -->
